2023-05-01 09:43:19 [INFO] 초기화 필터 생성
2023-05-01 09:45:48 [INFO] 초기화 필터 파괴
2023-05-01 12:06:52 [INFO] 초기화 필터 생성
2023-05-01 12:06:55 [INFO] 전처리 수행
2023-05-01 12:06:55 [INFO] 후처리 수행
2023-05-01 12:06:55 [INFO] View단 처리 완료 후 수행
2023-05-01 12:06:55 [INFO] 전처리 수행
2023-05-01 12:06:57 [INFO] 후처리 수행
2023-05-01 12:06:57 [INFO] View단 처리 완료 후 수행
2023-05-01 12:07:05 [INFO] 전처리 수행
2023-05-01 12:07:05 [INFO] 후처리 수행
2023-05-01 12:07:05 [INFO] View단 처리 완료 후 수행
2023-05-01 12:07:15 [INFO] 전처리 수행
2023-05-01 12:07:15 [INFO] 후처리 수행
2023-05-01 12:07:15 [INFO] View단 처리 완료 후 수행
2023-05-01 12:07:25 [INFO] 전처리 수행
2023-05-01 12:07:25 [INFO] 후처리 수행
2023-05-01 12:07:25 [INFO] View단 처리 완료 후 수행
2023-05-01 12:07:35 [INFO] 전처리 수행
2023-05-01 12:07:35 [INFO] 후처리 수행
2023-05-01 12:07:35 [INFO] View단 처리 완료 후 수행
2023-05-01 12:07:45 [INFO] 전처리 수행
2023-05-01 12:07:45 [INFO] 후처리 수행
2023-05-01 12:07:45 [INFO] View단 처리 완료 후 수행
2023-05-01 12:07:55 [INFO] 전처리 수행
2023-05-01 12:07:55 [INFO] 후처리 수행
2023-05-01 12:07:55 [INFO] View단 처리 완료 후 수행
2023-05-01 12:08:05 [INFO] 전처리 수행
2023-05-01 12:08:05 [INFO] 후처리 수행
2023-05-01 12:08:05 [INFO] View단 처리 완료 후 수행
2023-05-01 12:08:15 [INFO] 전처리 수행
2023-05-01 12:08:15 [INFO] 후처리 수행
2023-05-01 12:08:15 [INFO] View단 처리 완료 후 수행
2023-05-01 12:08:25 [INFO] 전처리 수행
2023-05-01 12:08:25 [INFO] 후처리 수행
2023-05-01 12:08:25 [INFO] View단 처리 완료 후 수행
2023-05-01 12:34:35 [INFO] 초기화 필터 생성
2023-05-01 12:34:42 [INFO] 후처리 수행
2023-05-01 12:34:42 [INFO] 후처리 수행
2023-05-01 12:34:42 [INFO] View단 처리 완료 후 수행
2023-05-01 12:34:45 [INFO] View단 처리 완료 후 수행
2023-05-01 12:34:45 [INFO] 후처리 수행
2023-05-01 12:34:45 [INFO] View단 처리 완료 후 수행
2023-05-01 12:34:46 [INFO] 후처리 수행
2023-05-01 12:34:46 [INFO] View단 처리 완료 후 수행
2023-05-01 12:34:55 [INFO] 후처리 수행
2023-05-01 12:34:55 [INFO] View단 처리 완료 후 수행
2023-05-01 12:34:56 [INFO] 후처리 수행
2023-05-01 12:34:56 [INFO] View단 처리 완료 후 수행
2023-05-01 12:35:05 [INFO] 후처리 수행
2023-05-01 12:35:05 [INFO] View단 처리 완료 후 수행
2023-05-01 12:35:06 [INFO] 후처리 수행
2023-05-01 12:35:06 [INFO] View단 처리 완료 후 수행
2023-05-01 14:11:07 [INFO] 초기화 필터 생성
2023-05-01 14:11:15 [INFO] 후처리 수행
2023-05-01 14:11:15 [INFO] 후처리 수행
2023-05-01 14:11:15 [INFO] View단 처리 완료 후 수행
2023-05-01 14:11:15 [INFO] View단 처리 완료 후 수행
2023-05-01 14:11:16 [INFO] 후처리 수행
2023-05-01 14:11:16 [INFO] View단 처리 완료 후 수행
2023-05-01 14:11:16 [INFO] 후처리 수행
2023-05-01 14:11:16 [INFO] View단 처리 완료 후 수행
2023-05-01 14:11:18 [INFO] 후처리 수행
2023-05-01 14:11:20 [INFO] View단 처리 완료 후 수행
2023-05-01 14:11:20 [INFO] 후처리 수행
2023-05-01 14:11:20 [INFO] View단 처리 완료 후 수행
2023-05-01 14:11:20 [INFO] 후처리 수행
2023-05-01 14:11:20 [INFO] View단 처리 완료 후 수행
2023-05-01 14:11:20 [INFO] 후처리 수행
2023-05-01 14:11:20 [INFO] View단 처리 완료 후 수행
2023-05-01 14:11:20 [INFO] 후처리 수행
2023-05-01 14:11:20 [INFO] View단 처리 완료 후 수행
2023-05-01 14:11:21 [INFO] 후처리 수행
2023-05-01 14:11:21 [INFO] View단 처리 완료 후 수행
2023-05-01 14:11:22 [INFO] 후처리 수행
2023-05-01 14:11:22 [INFO] View단 처리 완료 후 수행
2023-05-01 14:11:23 [INFO] 후처리 수행
2023-05-01 14:11:23 [INFO] View단 처리 완료 후 수행
2023-05-01 14:11:25 [INFO] View단 처리 완료 후 수행
2023-05-01 14:11:26 [INFO] 후처리 수행
2023-05-01 14:11:26 [INFO] View단 처리 완료 후 수행
2023-05-01 14:11:30 [INFO] 후처리 수행
2023-05-01 14:11:30 [INFO] View단 처리 완료 후 수행
2023-05-01 14:11:31 [INFO] 후처리 수행
2023-05-01 14:11:31 [INFO] View단 처리 완료 후 수행
2023-05-01 14:11:33 [INFO] View단 처리 완료 후 수행
2023-05-01 14:11:36 [INFO] 후처리 수행
2023-05-01 14:11:36 [INFO] View단 처리 완료 후 수행
2023-05-01 14:11:36 [INFO] 후처리 수행
2023-05-01 14:11:36 [INFO] View단 처리 완료 후 수행
2023-05-01 14:11:38 [INFO] View단 처리 완료 후 수행
2023-05-01 14:11:46 [INFO] 후처리 수행
2023-05-01 14:11:46 [INFO] View단 처리 완료 후 수행
2023-05-01 14:11:56 [INFO] 후처리 수행
2023-05-01 14:11:56 [INFO] View단 처리 완료 후 수행
2023-05-01 14:12:06 [INFO] 후처리 수행
2023-05-01 14:12:06 [INFO] View단 처리 완료 후 수행
2023-05-01 14:12:07 [INFO] 후처리 수행
2023-05-01 14:12:07 [INFO] View단 처리 완료 후 수행
2023-05-01 14:12:08 [INFO] 후처리 수행
2023-05-01 14:12:08 [INFO] View단 처리 완료 후 수행
2023-05-01 14:12:23 [INFO] 후처리 수행
2023-05-01 14:12:23 [INFO] View단 처리 완료 후 수행
2023-05-01 14:12:23 [INFO] 후처리 수행
2023-05-01 14:12:23 [INFO] View단 처리 완료 후 수행
2023-05-01 14:13:23 [INFO] 후처리 수행
2023-05-01 14:13:23 [INFO] View단 처리 완료 후 수행
2023-05-01 14:13:23 [INFO] 후처리 수행
2023-05-01 14:13:23 [INFO] View단 처리 완료 후 수행
2023-05-01 14:14:23 [INFO] 후처리 수행
2023-05-01 14:14:23 [INFO] View단 처리 완료 후 수행
2023-05-01 14:14:23 [INFO] 후처리 수행
2023-05-01 14:14:23 [INFO] View단 처리 완료 후 수행
2023-05-01 14:15:23 [INFO] 후처리 수행
2023-05-01 14:15:23 [INFO] View단 처리 완료 후 수행
2023-05-01 14:15:23 [INFO] 후처리 수행
2023-05-01 14:15:23 [INFO] View단 처리 완료 후 수행
